{
  "0 debug pnpm:scope": {
    "selected": 1
  },
  "1 error pnpm": {
    "code": "ELIFECYCLE",
    "errno": "ENOENT",
    "syscall": "spawn",
    "file": "sh",
    "pkgid": "remix-app-template@",
    "stage": "dev",
    "script": "concurrently \"npm run dev:css\" \"remix dev\"",
    "pkgname": "remix-app-template",
    "err": {
      "name": "pnpm",
      "message": "remix-app-template@ dev: `concurrently \"npm run dev:css\" \"remix dev\"`\nspawn ENOENT",
      "code": "ELIFECYCLE",
      "stack": "pnpm: remix-app-template@ dev: `concurrently \"npm run dev:css\" \"remix dev\"`\nspawn ENOENT\n    at ChildProcess.<anonymous> (/Users/varun/.nvm/versions/node/v16.13.2/lib/node_modules/pnpm/dist/pnpm.cjs:92254:22)\n    at ChildProcess.emit (node:events:390:28)\n    at maybeClose (node:internal/child_process:1064:16)\n    at Process.ChildProcess._handle.onexit (node:internal/child_process:301:5)"
    }
  },
  "2 warn pnpm:global": " Local package.json exists, but node_modules missing, did you mean to install?"
}